Creating JSON
Loading config/en_advanced.yaml
    options_advanced.json -> en_advanced_options.json
WARNING: Couldn't find text for the key %package.internet-en.description$
WARNING: Couldn't find text for the key %package.tv-en.description$
WARNING: Couldn't find text for the key %scenarios.NAV.sat-nav.req.power.label$

Loading config/en_beginner.yaml
    options_beginner.json -> en_beginner_options.json
WARNING: Couldn't find text for the key %scenarios.NAV.sat-nav.req.gps-rx.label$
WARNING: Couldn't find text for the key %scenarios.NAV.sat-nav.req.gps-rx.error$
WARNING: Couldn't find text for the key %scenarios.NAV.map.req.camera-opt.label$
WARNING: Couldn't find text for the key %scenarios.NAV.map.req.camera-opt.error$
WARNING: Couldn't find text for the key %scenarios.NAV.map.req.radar-alt.label$
WARNING: Couldn't find text for the key %scenarios.NAV.map.req.radar-alt.error$
WARNING: Couldn't find text for the key %scenarios.NAV.map.req.radar-dish.label$
WARNING: Couldn't find text for the key %scenarios.NAV.map.req.radar-dish.error$
WARNING: Couldn't find text for the key %scenarios.EO.disaster.req.camera-opt.label$
WARNING: Couldn't find text for the key %scenarios.EO.disaster.req.camera-opt.error$
WARNING: Couldn't find text for the key %scenarios.EO.disaster.req.radar-dish.label$
WARNING: Couldn't find text for the key %scenarios.EO.disaster.req.radar-dish.error$
WARNING: Couldn't find text for the key %scenarios.EO.disaster.req.camera-fir.label$
WARNING: Couldn't find text for the key %scenarios.EO.disaster.req.camera-fir.error$

Loading config/en_intermediate.yaml
    options_intermediate.json -> en_intermediate_options.json
WARNING: Couldn't find text for the key %package.internet-en.description$
WARNING: Couldn't find text for the key %package.tv-en.description$

Creating front page HTML
Loading config/en_advanced.yaml
Loading config/en_advanced_options.json
Reading templates/index.html
INC=units.html
Reading templates/units.html
INC=menu.html
Reading templates/menu.html
Creating beginner HTML
Loading config/en_beginner.yaml
Loading config/en_beginner_options.json
Creating intermediate HTML
Loading config/en_intermediate.yaml
Loading config/en_intermediate_options.json
Reading templates/level.html
Processing loop scenarios
Processing loop loopouter
Processing loop this.loopinner
Processing loop this.loopinner
Processing loop this.loopinner
Processing loop satellites_b
Processing loop satellites_i
Processing loop satellites_a
Processing loop orbitloop
Processing loop instrumentloop
Processing loop powerloop
Processing loop payloadbayloop
Processing loop thirdstageloop
Processing loop secondstageloop
Processing loop firststageloop
CONDITION: == <!--#if expr="${LEVEL} = /intermediate/"-->centre<!--#else--><!--#endif-->
CONDITION: == <!--#if expr="${LEVEL} = /intermediate/"-->None<!--#else-->%NEWLINE%																<table>%NEWLINE%																	<tr><td><!--#echo var="ui.sections.rocket.size" --></td><td><span data-dimension="length" data-units="m" data-value="0" class="value convertable">0m</span></td></tr>%NEWLINE%																	<tr><td><!--#echo var="ui.sections.rocket.cost" --></td><td><span class="coin-icon"></span><span data-dimension="currency" data-units="credits" data-value="0" class="value convertable">0 credits</span></td></tr>%NEWLINE%																	<tr><td><!--#echo var="ui.sections.rocket.drymass" --></td><td><span data-dimension="mass" data-units="kg" data-value="0" class="value convertable">0kg</span></td></tr>%NEWLINE%																</table><!--#endif-->
CONDITION: == <!--#if expr="${LEVEL} = /noreplace/"-->centre<!--#else--><!--#endif-->
CONDITION: == <!--#if expr="${LEVEL} = /noreplace/"-->None<!--#else-->%NEWLINE%																<table>%NEWLINE%																	<tr><td><!--#echo var="ui.sections.rocket.size" --></td><td><span data-dimension="length" data-units="m" data-value="1" class="value convertable">1m</span></td></tr>%NEWLINE%																	<tr><td><!--#echo var="ui.sections.rocket.cost" --></td><td><span class="coin-icon"></span><span data-dimension="currency" data-units="credits" data-value="1" class="value convertable">1 credits</span></td></tr>%NEWLINE%																	<tr><td><!--#echo var="ui.sections.rocket.drymass" --></td><td><span data-dimension="mass" data-units="kg" data-value="500" class="value convertable">500kg</span></td></tr>%NEWLINE%																</table><!--#endif-->
CONDITION: == <!--#if expr="${LEVEL} = /noreplace/"-->centre<!--#else--><!--#endif-->
CONDITION: == <!--#if expr="${LEVEL} = /noreplace/"-->None<!--#else-->%NEWLINE%																<table>%NEWLINE%																	<tr><td><!--#echo var="ui.sections.rocket.size" --></td><td><span data-dimension="length" data-units="m" data-value="2" class="value convertable">2m</span></td></tr>%NEWLINE%																	<tr><td><!--#echo var="ui.sections.rocket.cost" --></td><td><span class="coin-icon"></span><span data-dimension="currency" data-units="credits" data-value="1" class="value convertable">1 credits</span></td></tr>%NEWLINE%																	<tr><td><!--#echo var="ui.sections.rocket.drymass" --></td><td><span data-dimension="mass" data-units="kg" data-value="1000" class="value convertable">1000kg</span></td></tr>%NEWLINE%																</table><!--#endif-->
CONDITION: == <!--#if expr="${LEVEL} = /noreplace/"-->centre<!--#else--><!--#endif-->
CONDITION: == <!--#if expr="${LEVEL} = /noreplace/"-->None<!--#else-->%NEWLINE%																<table>%NEWLINE%																	<tr><td><!--#echo var="ui.sections.rocket.size" --></td><td><span data-dimension="length" data-units="m" data-value="3" class="value convertable">3m</span></td></tr>%NEWLINE%																	<tr><td><!--#echo var="ui.sections.rocket.cost" --></td><td><span class="coin-icon"></span><span data-dimension="currency" data-units="credits" data-value="3" class="value convertable">3 credits</span></td></tr>%NEWLINE%																	<tr><td><!--#echo var="ui.sections.rocket.drymass" --></td><td><span data-dimension="mass" data-units="kg" data-value="5000" class="value convertable">5000kg</span></td></tr>%NEWLINE%																</table><!--#endif-->
CONDITION: == <!--#if expr="${LEVEL} = /noreplace/"-->centre<!--#else--><!--#endif-->
CONDITION: == <!--#if expr="${LEVEL} = /noreplace/"-->None<!--#else-->%NEWLINE%																<table>%NEWLINE%																	<tr><td><!--#echo var="ui.sections.rocket.size" --></td><td><span data-dimension="length" data-units="m" data-value="8" class="value convertable">8m</span></td></tr>%NEWLINE%																	<tr><td><!--#echo var="ui.sections.rocket.cost" --></td><td><span class="coin-icon"></span><span data-dimension="currency" data-units="credits" data-value="8" class="value convertable">8 credits</span></td></tr>%NEWLINE%																	<tr><td><!--#echo var="ui.sections.rocket.drymass" --></td><td><span data-dimension="mass" data-units="kg" data-value="10000" class="value convertable">10000kg</span></td></tr>%NEWLINE%																</table><!--#endif-->
CONDITION: == <!--#if expr="${LEVEL} = /noreplace/"-->centre<!--#else--><!--#endif-->
CONDITION: == <!--#if expr="${LEVEL} = /noreplace/"-->None<!--#else-->%NEWLINE%																<table>%NEWLINE%																	<tr><td><!--#echo var="ui.sections.rocket.size" --></td><td><span data-dimension="length" data-units="m" data-value="10" class="value convertable">10m</span></td></tr>%NEWLINE%																	<tr><td><!--#echo var="ui.sections.rocket.cost" --></td><td><span class="coin-icon"></span><span data-dimension="currency" data-units="credits" data-value="10" class="value convertable">10 credits</span></td></tr>%NEWLINE%																	<tr><td><!--#echo var="ui.sections.rocket.drymass" --></td><td><span data-dimension="mass" data-units="kg" data-value="20000" class="value convertable">20000kg</span></td></tr>%NEWLINE%																</table><!--#endif-->
CONDITION: == <!--#if expr="${LEVEL} = /intermediate/"-->centre<!--#else--><!--#endif-->
CONDITION: == <!--#if expr="${LEVEL} = /intermediate/"-->None<!--#else-->%NEWLINE%																<table>%NEWLINE%																	<tr><td><!--#echo var="ui.sections.rocket.size" --></td><td><span data-dimension="length" data-units="m" data-value="0" class="value convertable">0m</span>%NEWLINE%																	<tr><td><!--#echo var="ui.sections.rocket.cost" --></td><td><span class="coin-icon"></span><span data-dimension="currency" data-units="credits" data-value="1" class="value convertable">1 credits</span>%NEWLINE%																	<tr><td><!--#echo var="ui.sections.rocket.drymass" --></td><td><span data-dimension="mass" data-units="kg" data-value="0" class="value convertable">0kg</span>%NEWLINE%																	<tr><td><!--#echo var="ui.sections.rocket.fuel" --></td><td><span data-dimension="mass" data-units="kg" data-value="0" class="value convertable">0kg</span>%NEWLINE%																</table><!--#endif-->
CONDITION: == <!--#if expr="${LEVEL} = /noreplace/"-->centre<!--#else--><!--#endif-->
CONDITION: == <!--#if expr="${LEVEL} = /noreplace/"-->None<!--#else-->%NEWLINE%																<table>%NEWLINE%																	<tr><td><!--#echo var="ui.sections.rocket.size" --></td><td><span data-dimension="length" data-units="m" data-value="2" class="value convertable">2m</span>%NEWLINE%																	<tr><td><!--#echo var="ui.sections.rocket.cost" --></td><td><span class="coin-icon"></span><span data-dimension="currency" data-units="credits" data-value="2" class="value convertable">2 credits</span>%NEWLINE%																	<tr><td><!--#echo var="ui.sections.rocket.drymass" --></td><td><span data-dimension="mass" data-units="kg" data-value="1300" class="value convertable">1300kg</span>%NEWLINE%																	<tr><td><!--#echo var="ui.sections.rocket.fuel" --></td><td><span data-dimension="mass" data-units="kg" data-value="10000" class="value convertable">10000kg</span>%NEWLINE%																</table><!--#endif-->
CONDITION: == <!--#if expr="${LEVEL} = /noreplace/"-->centre<!--#else--><!--#endif-->
CONDITION: == <!--#if expr="${LEVEL} = /noreplace/"-->None<!--#else-->%NEWLINE%																<table>%NEWLINE%																	<tr><td><!--#echo var="ui.sections.rocket.size" --></td><td><span data-dimension="length" data-units="m" data-value="3" class="value convertable">3m</span>%NEWLINE%																	<tr><td><!--#echo var="ui.sections.rocket.cost" --></td><td><span class="coin-icon"></span><span data-dimension="currency" data-units="credits" data-value="4" class="value convertable">4 credits</span>%NEWLINE%																	<tr><td><!--#echo var="ui.sections.rocket.drymass" --></td><td><span data-dimension="mass" data-units="kg" data-value="2400" class="value convertable">2400kg</span>%NEWLINE%																	<tr><td><!--#echo var="ui.sections.rocket.fuel" --></td><td><span data-dimension="mass" data-units="kg" data-value="22000" class="value convertable">22000kg</span>%NEWLINE%																</table><!--#endif-->
CONDITION: == <!--#if expr="${LEVEL} = /noreplace/"-->centre<!--#else--><!--#endif-->
CONDITION: == <!--#if expr="${LEVEL} = /noreplace/"-->None<!--#else-->%NEWLINE%																<table>%NEWLINE%																	<tr><td><!--#echo var="ui.sections.rocket.size" --></td><td><span data-dimension="length" data-units="m" data-value="7" class="value convertable">7m</span>%NEWLINE%																	<tr><td><!--#echo var="ui.sections.rocket.cost" --></td><td><span class="coin-icon"></span><span data-dimension="currency" data-units="credits" data-value="8" class="value convertable">8 credits</span>%NEWLINE%																	<tr><td><!--#echo var="ui.sections.rocket.drymass" --></td><td><span data-dimension="mass" data-units="kg" data-value="13500" class="value convertable">13500kg</span>%NEWLINE%																	<tr><td><!--#echo var="ui.sections.rocket.fuel" --></td><td><span data-dimension="mass" data-units="kg" data-value="110000" class="value convertable">110000kg</span>%NEWLINE%																</table><!--#endif-->
CONDITION: == <!--#if expr="${LEVEL} = /intermediate/"-->centre<!--#else--><!--#endif-->
CONDITION: == <!--#if expr="${LEVEL} = /intermediate/"-->None<!--#else-->%NEWLINE%																<table>%NEWLINE%																	<tr><td><!--#echo var="ui.sections.rocket.size" --></td><td><span data-dimension="length" data-units="m" data-value="0" class="value convertable">0m</span>%NEWLINE%																	<tr><td><!--#echo var="ui.sections.rocket.cost" --></td><td><span class="coin-icon"></span><span data-dimension="currency" data-units="credits" data-value="0" class="value convertable">0 credits</span>%NEWLINE%																	<tr><td><!--#echo var="ui.sections.rocket.drymass" --></td><td><span data-dimension="mass" data-units="kg" data-value="0" class="value convertable">0kg</span>%NEWLINE%																	<tr><td><!--#echo var="ui.sections.rocket.fuel" --></td><td><span data-dimension="mass" data-units="kg" data-value="0" class="value convertable">0kg</span>%NEWLINE%																</table><!--#endif-->
CONDITION: == <!--#if expr="${LEVEL} = /noreplace/"-->centre<!--#else--><!--#endif-->
CONDITION: == <!--#if expr="${LEVEL} = /noreplace/"-->None<!--#else-->%NEWLINE%																<table>%NEWLINE%																	<tr><td><!--#echo var="ui.sections.rocket.size" --></td><td><span data-dimension="length" data-units="m" data-value="1.3" class="value convertable">1.3m</span>%NEWLINE%																	<tr><td><!--#echo var="ui.sections.rocket.cost" --></td><td><span class="coin-icon"></span><span data-dimension="currency" data-units="credits" data-value="5" class="value convertable">5 credits</span>%NEWLINE%																	<tr><td><!--#echo var="ui.sections.rocket.drymass" --></td><td><span data-dimension="mass" data-units="kg" data-value="2000" class="value convertable">2000kg</span>%NEWLINE%																	<tr><td><!--#echo var="ui.sections.rocket.fuel" --></td><td><span data-dimension="mass" data-units="kg" data-value="15000" class="value convertable">15000kg</span>%NEWLINE%																</table><!--#endif-->
CONDITION: == <!--#if expr="${LEVEL} = /noreplace/"-->centre<!--#else--><!--#endif-->
CONDITION: == <!--#if expr="${LEVEL} = /noreplace/"-->None<!--#else-->%NEWLINE%																<table>%NEWLINE%																	<tr><td><!--#echo var="ui.sections.rocket.size" --></td><td><span data-dimension="length" data-units="m" data-value="2" class="value convertable">2m</span>%NEWLINE%																	<tr><td><!--#echo var="ui.sections.rocket.cost" --></td><td><span class="coin-icon"></span><span data-dimension="currency" data-units="credits" data-value="10" class="value convertable">10 credits</span>%NEWLINE%																	<tr><td><!--#echo var="ui.sections.rocket.drymass" --></td><td><span data-dimension="mass" data-units="kg" data-value="3000" class="value convertable">3000kg</span>%NEWLINE%																	<tr><td><!--#echo var="ui.sections.rocket.fuel" --></td><td><span data-dimension="mass" data-units="kg" data-value="24000" class="value convertable">24000kg</span>%NEWLINE%																</table><!--#endif-->
CONDITION: == <!--#if expr="${LEVEL} = /noreplace/"-->centre<!--#else--><!--#endif-->
CONDITION: == <!--#if expr="${LEVEL} = /noreplace/"-->None<!--#else-->%NEWLINE%																<table>%NEWLINE%																	<tr><td><!--#echo var="ui.sections.rocket.size" --></td><td><span data-dimension="length" data-units="m" data-value="3" class="value convertable">3m</span>%NEWLINE%																	<tr><td><!--#echo var="ui.sections.rocket.cost" --></td><td><span class="coin-icon"></span><span data-dimension="currency" data-units="credits" data-value="15" class="value convertable">15 credits</span>%NEWLINE%																	<tr><td><!--#echo var="ui.sections.rocket.drymass" --></td><td><span data-dimension="mass" data-units="kg" data-value="2400" class="value convertable">2400kg</span>%NEWLINE%																	<tr><td><!--#echo var="ui.sections.rocket.fuel" --></td><td><span data-dimension="mass" data-units="kg" data-value="25000" class="value convertable">25000kg</span>%NEWLINE%																</table><!--#endif-->
CONDITION: == <!--#if expr="${LEVEL} = /noreplace/"-->centre<!--#else--><!--#endif-->
CONDITION: == <!--#if expr="${LEVEL} = /noreplace/"-->None<!--#else-->%NEWLINE%																<table>%NEWLINE%																	<tr><td><!--#echo var="ui.sections.rocket.size" --></td><td><span data-dimension="length" data-units="m" data-value="3.5" class="value convertable">3.5m</span>%NEWLINE%																	<tr><td><!--#echo var="ui.sections.rocket.cost" --></td><td><span class="coin-icon"></span><span data-dimension="currency" data-units="credits" data-value="20" class="value convertable">20 credits</span>%NEWLINE%																	<tr><td><!--#echo var="ui.sections.rocket.drymass" --></td><td><span data-dimension="mass" data-units="kg" data-value="4000" class="value convertable">4000kg</span>%NEWLINE%																	<tr><td><!--#echo var="ui.sections.rocket.fuel" --></td><td><span data-dimension="mass" data-units="kg" data-value="90000" class="value convertable">90000kg</span>%NEWLINE%																</table><!--#endif-->
CONDITION: == <!--#if expr="${LEVEL} = /noreplace/"-->centre<!--#else--><!--#endif-->
CONDITION: == <!--#if expr="${LEVEL} = /noreplace/"-->None<!--#else-->%NEWLINE%																<table>%NEWLINE%																	<tr><td><!--#echo var="ui.sections.rocket.size" --></td><td><span data-dimension="length" data-units="m" data-value="8" class="value convertable">8m</span>%NEWLINE%																	<tr><td><!--#echo var="ui.sections.rocket.cost" --></td><td><span class="coin-icon"></span><span data-dimension="currency" data-units="credits" data-value="30" class="value convertable">30 credits</span>%NEWLINE%																	<tr><td><!--#echo var="ui.sections.rocket.drymass" --></td><td><span data-dimension="mass" data-units="kg" data-value="6000" class="value convertable">6000kg</span>%NEWLINE%																	<tr><td><!--#echo var="ui.sections.rocket.fuel" --></td><td><span data-dimension="mass" data-units="kg" data-value="129000" class="value convertable">129000kg</span>%NEWLINE%																</table><!--#endif-->
CONDITION: == <!--#if expr="${LEVEL} = /noreplace/"-->centre<!--#else--><!--#endif-->
CONDITION: == <!--#if expr="${LEVEL} = /noreplace/"-->None<!--#else-->%NEWLINE%																<table>%NEWLINE%																	<tr><td><!--#echo var="ui.sections.rocket.size" --></td><td><span data-dimension="length" data-units="m" data-value="10" class="value convertable">10m</span>%NEWLINE%																	<tr><td><!--#echo var="ui.sections.rocket.cost" --></td><td><span class="coin-icon"></span><span data-dimension="currency" data-units="credits" data-value="50" class="value convertable">50 credits</span>%NEWLINE%																	<tr><td><!--#echo var="ui.sections.rocket.drymass" --></td><td><span data-dimension="mass" data-units="kg" data-value="40000" class="value convertable">40000kg</span>%NEWLINE%																	<tr><td><!--#echo var="ui.sections.rocket.fuel" --></td><td><span data-dimension="mass" data-units="kg" data-value="450000" class="value convertable">450000kg</span>%NEWLINE%																</table><!--#endif-->
CONDITION: == <!--#if expr="${LEVEL} = /intermediate/"-->centre<!--#else--><!--#endif-->
CONDITION: == <!--#if expr="${LEVEL} = /intermediate/"-->None<!--#else-->%NEWLINE%																<table>%NEWLINE%																	<tr><td><!--#echo var="ui.sections.rocket.size" --></td><td><span data-dimension="length" data-units="m" data-value="0" class="value convertable">0m</span></td></tr>%NEWLINE%																	<tr><td><!--#echo var="ui.sections.rocket.cost" --></td><td><span class="coin-icon"></span><span data-dimension="currency" data-units="credits" data-value="0" class="value convertable">0 credits</span></td></tr>%NEWLINE%																	<tr><td><!--#echo var="ui.sections.rocket.drymass" --></td><td><span data-dimension="mass" data-units="kg" data-value="0" class="value convertable">0kg</span></td></tr>%NEWLINE%																	<tr><td><!--#echo var="ui.sections.rocket.fuel" --></td><td><span data-dimension="mass" data-units="kg" data-value="0" class="value convertable">0kg</span></td></tr>%NEWLINE%																</table><!--#endif-->
CONDITION: == <!--#if expr="${LEVEL} = /noreplace/"-->centre<!--#else--><!--#endif-->
CONDITION: == <!--#if expr="${LEVEL} = /noreplace/"-->None<!--#else-->%NEWLINE%																<table>%NEWLINE%																	<tr><td><!--#echo var="ui.sections.rocket.size" --></td><td><span data-dimension="length" data-units="m" data-value="3" class="value convertable">3m</span></td></tr>%NEWLINE%																	<tr><td><!--#echo var="ui.sections.rocket.cost" --></td><td><span class="coin-icon"></span><span data-dimension="currency" data-units="credits" data-value="23" class="value convertable">23 credits</span></td></tr>%NEWLINE%																	<tr><td><!--#echo var="ui.sections.rocket.drymass" --></td><td><span data-dimension="mass" data-units="kg" data-value="10500" class="value convertable">10500kg</span></td></tr>%NEWLINE%																	<tr><td><!--#echo var="ui.sections.rocket.fuel" --></td><td><span data-dimension="mass" data-units="kg" data-value="88000" class="value convertable">88000kg</span></td></tr>%NEWLINE%																</table><!--#endif-->
CONDITION: == <!--#if expr="${LEVEL} = /noreplace/"-->centre<!--#else--><!--#endif-->
CONDITION: == <!--#if expr="${LEVEL} = /noreplace/"-->None<!--#else-->%NEWLINE%																<table>%NEWLINE%																	<tr><td><!--#echo var="ui.sections.rocket.size" --></td><td><span data-dimension="length" data-units="m" data-value="3" class="value convertable">3m</span></td></tr>%NEWLINE%																	<tr><td><!--#echo var="ui.sections.rocket.cost" --></td><td><span class="coin-icon"></span><span data-dimension="currency" data-units="credits" data-value="12" class="value convertable">12 credits</span></td></tr>%NEWLINE%																	<tr><td><!--#echo var="ui.sections.rocket.drymass" --></td><td><span data-dimension="mass" data-units="kg" data-value="9000" class="value convertable">9000kg</span></td></tr>%NEWLINE%																	<tr><td><!--#echo var="ui.sections.rocket.fuel" --></td><td><span data-dimension="mass" data-units="kg" data-value="120000" class="value convertable">120000kg</span></td></tr>%NEWLINE%																</table><!--#endif-->
CONDITION: == <!--#if expr="${LEVEL} = /noreplace/"-->centre<!--#else--><!--#endif-->
CONDITION: == <!--#if expr="${LEVEL} = /noreplace/"-->None<!--#else-->%NEWLINE%																<table>%NEWLINE%																	<tr><td><!--#echo var="ui.sections.rocket.size" --></td><td><span data-dimension="length" data-units="m" data-value="3.5" class="value convertable">3.5m</span></td></tr>%NEWLINE%																	<tr><td><!--#echo var="ui.sections.rocket.cost" --></td><td><span class="coin-icon"></span><span data-dimension="currency" data-units="credits" data-value="60" class="value convertable">60 credits</span></td></tr>%NEWLINE%																	<tr><td><!--#echo var="ui.sections.rocket.drymass" --></td><td><span data-dimension="mass" data-units="kg" data-value="24000" class="value convertable">24000kg</span></td></tr>%NEWLINE%																	<tr><td><!--#echo var="ui.sections.rocket.fuel" --></td><td><span data-dimension="mass" data-units="kg" data-value="400000" class="value convertable">400000kg</span></td></tr>%NEWLINE%																</table><!--#endif-->
CONDITION: == <!--#if expr="${LEVEL} = /noreplace/"-->centre<!--#else--><!--#endif-->
CONDITION: == <!--#if expr="${LEVEL} = /noreplace/"-->None<!--#else-->%NEWLINE%																<table>%NEWLINE%																	<tr><td><!--#echo var="ui.sections.rocket.size" --></td><td><span data-dimension="length" data-units="m" data-value="8" class="value convertable">8m</span></td></tr>%NEWLINE%																	<tr><td><!--#echo var="ui.sections.rocket.cost" --></td><td><span class="coin-icon"></span><span data-dimension="currency" data-units="credits" data-value="220" class="value convertable">220 credits</span></td></tr>%NEWLINE%																	<tr><td><!--#echo var="ui.sections.rocket.drymass" --></td><td><span data-dimension="mass" data-units="kg" data-value="85000" class="value convertable">85000kg</span></td></tr>%NEWLINE%																	<tr><td><!--#echo var="ui.sections.rocket.fuel" --></td><td><span data-dimension="mass" data-units="kg" data-value="900000" class="value convertable">900000kg</span></td></tr>%NEWLINE%																</table><!--#endif-->
CONDITION: == <!--#if expr="${LEVEL} = /noreplace/"-->centre<!--#else--><!--#endif-->
CONDITION: == <!--#if expr="${LEVEL} = /noreplace/"-->None<!--#else-->%NEWLINE%																<table>%NEWLINE%																	<tr><td><!--#echo var="ui.sections.rocket.size" --></td><td><span data-dimension="length" data-units="m" data-value="10" class="value convertable">10m</span></td></tr>%NEWLINE%																	<tr><td><!--#echo var="ui.sections.rocket.cost" --></td><td><span class="coin-icon"></span><span data-dimension="currency" data-units="credits" data-value="370" class="value convertable">370 credits</span></td></tr>%NEWLINE%																	<tr><td><!--#echo var="ui.sections.rocket.drymass" --></td><td><span data-dimension="mass" data-units="kg" data-value="130000" class="value convertable">130000kg</span></td></tr>%NEWLINE%																	<tr><td><!--#echo var="ui.sections.rocket.fuel" --></td><td><span data-dimension="mass" data-units="kg" data-value="2000000" class="value convertable">2000000kg</span></td></tr>%NEWLINE%																</table><!--#endif-->
CONDITION: == <!--#if expr="${LEVEL} = /noreplace/"-->centre<!--#else--><!--#endif-->
CONDITION: == <!--#if expr="${LEVEL} = /noreplace/"-->None<!--#else-->%NEWLINE%																<table>%NEWLINE%																	<tr><td><!--#echo var="ui.sections.rocket.size" --></td><td><span data-dimension="length" data-units="m" data-value="6" class="value convertable">6m</span></td></tr>%NEWLINE%																	<tr><td><!--#echo var="ui.sections.rocket.cost" --></td><td><span class="coin-icon"></span><span data-dimension="currency" data-units="credits" data-value="190" class="value convertable">190 credits</span></td></tr>%NEWLINE%																	<tr><td><!--#echo var="ui.sections.rocket.drymass" --></td><td><span data-dimension="mass" data-units="kg" data-value="310000" class="value convertable">310000kg</span></td></tr>%NEWLINE%																	<tr><td><!--#echo var="ui.sections.rocket.fuel" --></td><td><span data-dimension="mass" data-units="kg" data-value="15000" class="value convertable">15000kg</span></td></tr>%NEWLINE%																</table><!--#endif-->
CONDITION: == <!--#if expr="${LEVEL} = /noreplace/"-->centre<!--#else--><!--#endif-->
CONDITION: == <!--#if expr="${LEVEL} = /noreplace/"-->None<!--#else-->%NEWLINE%																<table>%NEWLINE%																	<tr><td><!--#echo var="ui.sections.rocket.size" --></td><td><span data-dimension="length" data-units="m" data-value="6" class="value convertable">6m</span></td></tr>%NEWLINE%																	<tr><td><!--#echo var="ui.sections.rocket.cost" --></td><td><span class="coin-icon"></span><span data-dimension="currency" data-units="credits" data-value="450" class="value convertable">450 credits</span></td></tr>%NEWLINE%																	<tr><td><!--#echo var="ui.sections.rocket.drymass" --></td><td><span data-dimension="mass" data-units="kg" data-value="53000" class="value convertable">53000kg</span></td></tr>%NEWLINE%																	<tr><td><!--#echo var="ui.sections.rocket.fuel" --></td><td><span data-dimension="mass" data-units="kg" data-value="260000" class="value convertable">260000kg</span></td></tr>%NEWLINE%																</table><!--#endif-->
INC=satellites/large.html
Reading templates/satellites/large.html
INC=satellites/medium.html
Reading templates/satellites/medium.html
INC=satellites/small.html
Reading templates/satellites/small.html
INC=units.html
Reading templates/units.html
INC=menu.html
Reading templates/menu.html
INC JSON=templates/../config/en_intermediate_options.json
Creating advanced HTML
Loading config/en_advanced.yaml
Loading config/en_advanced_options.json
Reading templates/level.html
Processing loop scenarios
Processing loop loopouter
Processing loop this.loopinner
Processing loop this.loopinner
Processing loop this.loopinner
Processing loop satellites_b
Processing loop satellites_i
Processing loop satellites_a
Processing loop orbitloop
Processing loop instrumentloop
Processing loop powerloop
Processing loop payloadbayloop
Processing loop thirdstageloop
Processing loop secondstageloop
Processing loop firststageloop
CONDITION: == <!--#if expr="${LEVEL} = /advanced/"-->centre<!--#else--><!--#endif-->
CONDITION: == <!--#if expr="${LEVEL} = /advanced/"-->None<!--#else-->%NEWLINE%																<table>%NEWLINE%																	<tr><td><!--#echo var="ui.sections.rocket.size" --></td><td><span data-dimension="length" data-units="m" data-value="0" class="value convertable">0m</span></td></tr>%NEWLINE%																	<tr><td><!--#echo var="ui.sections.rocket.cost" --></td><td><span class="coin-icon"></span><span data-dimension="currency" data-units="credits" data-value="0" class="value convertable">0 credits</span></td></tr>%NEWLINE%																	<tr><td><!--#echo var="ui.sections.rocket.drymass" --></td><td><span data-dimension="mass" data-units="kg" data-value="0" class="value convertable">0kg</span></td></tr>%NEWLINE%																</table><!--#endif-->
CONDITION: == <!--#if expr="${LEVEL} = /noreplace/"-->centre<!--#else--><!--#endif-->
CONDITION: == <!--#if expr="${LEVEL} = /noreplace/"-->None<!--#else-->%NEWLINE%																<table>%NEWLINE%																	<tr><td><!--#echo var="ui.sections.rocket.size" --></td><td><span data-dimension="length" data-units="m" data-value="1" class="value convertable">1m</span></td></tr>%NEWLINE%																	<tr><td><!--#echo var="ui.sections.rocket.cost" --></td><td><span class="coin-icon"></span><span data-dimension="currency" data-units="credits" data-value="1" class="value convertable">1 credits</span></td></tr>%NEWLINE%																	<tr><td><!--#echo var="ui.sections.rocket.drymass" --></td><td><span data-dimension="mass" data-units="kg" data-value="500" class="value convertable">500kg</span></td></tr>%NEWLINE%																</table><!--#endif-->
CONDITION: == <!--#if expr="${LEVEL} = /noreplace/"-->centre<!--#else--><!--#endif-->
CONDITION: == <!--#if expr="${LEVEL} = /noreplace/"-->None<!--#else-->%NEWLINE%																<table>%NEWLINE%																	<tr><td><!--#echo var="ui.sections.rocket.size" --></td><td><span data-dimension="length" data-units="m" data-value="2" class="value convertable">2m</span></td></tr>%NEWLINE%																	<tr><td><!--#echo var="ui.sections.rocket.cost" --></td><td><span class="coin-icon"></span><span data-dimension="currency" data-units="credits" data-value="1" class="value convertable">1 credits</span></td></tr>%NEWLINE%																	<tr><td><!--#echo var="ui.sections.rocket.drymass" --></td><td><span data-dimension="mass" data-units="kg" data-value="1000" class="value convertable">1000kg</span></td></tr>%NEWLINE%																</table><!--#endif-->
CONDITION: == <!--#if expr="${LEVEL} = /noreplace/"-->centre<!--#else--><!--#endif-->
CONDITION: == <!--#if expr="${LEVEL} = /noreplace/"-->None<!--#else-->%NEWLINE%																<table>%NEWLINE%																	<tr><td><!--#echo var="ui.sections.rocket.size" --></td><td><span data-dimension="length" data-units="m" data-value="4" class="value convertable">4m</span></td></tr>%NEWLINE%																	<tr><td><!--#echo var="ui.sections.rocket.cost" --></td><td><span class="coin-icon"></span><span data-dimension="currency" data-units="credits" data-value="3" class="value convertable">3 credits</span></td></tr>%NEWLINE%																	<tr><td><!--#echo var="ui.sections.rocket.drymass" --></td><td><span data-dimension="mass" data-units="kg" data-value="5000" class="value convertable">5000kg</span></td></tr>%NEWLINE%																</table><!--#endif-->
CONDITION: == <!--#if expr="${LEVEL} = /noreplace/"-->centre<!--#else--><!--#endif-->
CONDITION: == <!--#if expr="${LEVEL} = /noreplace/"-->None<!--#else-->%NEWLINE%																<table>%NEWLINE%																	<tr><td><!--#echo var="ui.sections.rocket.size" --></td><td><span data-dimension="length" data-units="m" data-value="8" class="value convertable">8m</span></td></tr>%NEWLINE%																	<tr><td><!--#echo var="ui.sections.rocket.cost" --></td><td><span class="coin-icon"></span><span data-dimension="currency" data-units="credits" data-value="8" class="value convertable">8 credits</span></td></tr>%NEWLINE%																	<tr><td><!--#echo var="ui.sections.rocket.drymass" --></td><td><span data-dimension="mass" data-units="kg" data-value="10000" class="value convertable">10000kg</span></td></tr>%NEWLINE%																</table><!--#endif-->
CONDITION: == <!--#if expr="${LEVEL} = /noreplace/"-->centre<!--#else--><!--#endif-->
CONDITION: == <!--#if expr="${LEVEL} = /noreplace/"-->None<!--#else-->%NEWLINE%																<table>%NEWLINE%																	<tr><td><!--#echo var="ui.sections.rocket.size" --></td><td><span data-dimension="length" data-units="m" data-value="10" class="value convertable">10m</span></td></tr>%NEWLINE%																	<tr><td><!--#echo var="ui.sections.rocket.cost" --></td><td><span class="coin-icon"></span><span data-dimension="currency" data-units="credits" data-value="10" class="value convertable">10 credits</span></td></tr>%NEWLINE%																	<tr><td><!--#echo var="ui.sections.rocket.drymass" --></td><td><span data-dimension="mass" data-units="kg" data-value="20000" class="value convertable">20000kg</span></td></tr>%NEWLINE%																</table><!--#endif-->
CONDITION: == <!--#if expr="${LEVEL} = /advanced/"-->centre<!--#else--><!--#endif-->
CONDITION: == <!--#if expr="${LEVEL} = /advanced/"-->None<!--#else-->%NEWLINE%																<table>%NEWLINE%																	<tr><td><!--#echo var="ui.sections.rocket.size" --></td><td><span data-dimension="length" data-units="m" data-value="0" class="value convertable">0m</span>%NEWLINE%																	<tr><td><!--#echo var="ui.sections.rocket.cost" --></td><td><span class="coin-icon"></span><span data-dimension="currency" data-units="credits" data-value="1" class="value convertable">1 credits</span>%NEWLINE%																	<tr><td><!--#echo var="ui.sections.rocket.drymass" --></td><td><span data-dimension="mass" data-units="kg" data-value="0" class="value convertable">0kg</span>%NEWLINE%																	<tr><td><!--#echo var="ui.sections.rocket.fuel" --></td><td><span data-dimension="mass" data-units="kg" data-value="0" class="value convertable">0kg</span>%NEWLINE%																</table><!--#endif-->
CONDITION: == <!--#if expr="${LEVEL} = /noreplace/"-->centre<!--#else--><!--#endif-->
CONDITION: == <!--#if expr="${LEVEL} = /noreplace/"-->None<!--#else-->%NEWLINE%																<table>%NEWLINE%																	<tr><td><!--#echo var="ui.sections.rocket.size" --></td><td><span data-dimension="length" data-units="m" data-value="2" class="value convertable">2m</span>%NEWLINE%																	<tr><td><!--#echo var="ui.sections.rocket.cost" --></td><td><span class="coin-icon"></span><span data-dimension="currency" data-units="credits" data-value="2" class="value convertable">2 credits</span>%NEWLINE%																	<tr><td><!--#echo var="ui.sections.rocket.drymass" --></td><td><span data-dimension="mass" data-units="kg" data-value="1300" class="value convertable">1300kg</span>%NEWLINE%																	<tr><td><!--#echo var="ui.sections.rocket.fuel" --></td><td><span data-dimension="mass" data-units="kg" data-value="10000" class="value convertable">10000kg</span>%NEWLINE%																</table><!--#endif-->
CONDITION: == <!--#if expr="${LEVEL} = /noreplace/"-->centre<!--#else--><!--#endif-->
CONDITION: == <!--#if expr="${LEVEL} = /noreplace/"-->None<!--#else-->%NEWLINE%																<table>%NEWLINE%																	<tr><td><!--#echo var="ui.sections.rocket.size" --></td><td><span data-dimension="length" data-units="m" data-value="3" class="value convertable">3m</span>%NEWLINE%																	<tr><td><!--#echo var="ui.sections.rocket.cost" --></td><td><span class="coin-icon"></span><span data-dimension="currency" data-units="credits" data-value="4" class="value convertable">4 credits</span>%NEWLINE%																	<tr><td><!--#echo var="ui.sections.rocket.drymass" --></td><td><span data-dimension="mass" data-units="kg" data-value="2400" class="value convertable">2400kg</span>%NEWLINE%																	<tr><td><!--#echo var="ui.sections.rocket.fuel" --></td><td><span data-dimension="mass" data-units="kg" data-value="22000" class="value convertable">22000kg</span>%NEWLINE%																</table><!--#endif-->
CONDITION: == <!--#if expr="${LEVEL} = /noreplace/"-->centre<!--#else--><!--#endif-->
CONDITION: == <!--#if expr="${LEVEL} = /noreplace/"-->None<!--#else-->%NEWLINE%																<table>%NEWLINE%																	<tr><td><!--#echo var="ui.sections.rocket.size" --></td><td><span data-dimension="length" data-units="m" data-value="8" class="value convertable">8m</span>%NEWLINE%																	<tr><td><!--#echo var="ui.sections.rocket.cost" --></td><td><span class="coin-icon"></span><span data-dimension="currency" data-units="credits" data-value="8" class="value convertable">8 credits</span>%NEWLINE%																	<tr><td><!--#echo var="ui.sections.rocket.drymass" --></td><td><span data-dimension="mass" data-units="kg" data-value="13500" class="value convertable">13500kg</span>%NEWLINE%																	<tr><td><!--#echo var="ui.sections.rocket.fuel" --></td><td><span data-dimension="mass" data-units="kg" data-value="110000" class="value convertable">110000kg</span>%NEWLINE%																</table><!--#endif-->
CONDITION: == <!--#if expr="${LEVEL} = /noreplace/"-->centre<!--#else--><!--#endif-->
CONDITION: == <!--#if expr="${LEVEL} = /noreplace/"-->None<!--#else-->%NEWLINE%																<table>%NEWLINE%																	<tr><td><!--#echo var="ui.sections.rocket.size" --></td><td><span data-dimension="length" data-units="m" data-value="10" class="value convertable">10m</span>%NEWLINE%																	<tr><td><!--#echo var="ui.sections.rocket.cost" --></td><td><span class="coin-icon"></span><span data-dimension="currency" data-units="credits" data-value="8" class="value convertable">8 credits</span>%NEWLINE%																	<tr><td><!--#echo var="ui.sections.rocket.drymass" --></td><td><span data-dimension="mass" data-units="kg" data-value="13500" class="value convertable">13500kg</span>%NEWLINE%																	<tr><td><!--#echo var="ui.sections.rocket.fuel" --></td><td><span data-dimension="mass" data-units="kg" data-value="110000" class="value convertable">110000kg</span>%NEWLINE%																</table><!--#endif-->
CONDITION: == <!--#if expr="${LEVEL} = /advanced/"-->centre<!--#else--><!--#endif-->
CONDITION: == <!--#if expr="${LEVEL} = /advanced/"-->None<!--#else-->%NEWLINE%																<table>%NEWLINE%																	<tr><td><!--#echo var="ui.sections.rocket.size" --></td><td><span data-dimension="length" data-units="m" data-value="0" class="value convertable">0m</span>%NEWLINE%																	<tr><td><!--#echo var="ui.sections.rocket.cost" --></td><td><span class="coin-icon"></span><span data-dimension="currency" data-units="credits" data-value="0" class="value convertable">0 credits</span>%NEWLINE%																	<tr><td><!--#echo var="ui.sections.rocket.drymass" --></td><td><span data-dimension="mass" data-units="kg" data-value="0" class="value convertable">0kg</span>%NEWLINE%																	<tr><td><!--#echo var="ui.sections.rocket.fuel" --></td><td><span data-dimension="mass" data-units="kg" data-value="0" class="value convertable">0kg</span>%NEWLINE%																</table><!--#endif-->
CONDITION: == <!--#if expr="${LEVEL} = /noreplace/"-->centre<!--#else--><!--#endif-->
CONDITION: == <!--#if expr="${LEVEL} = /noreplace/"-->None<!--#else-->%NEWLINE%																<table>%NEWLINE%																	<tr><td><!--#echo var="ui.sections.rocket.size" --></td><td><span data-dimension="length" data-units="m" data-value="1.3" class="value convertable">1.3m</span>%NEWLINE%																	<tr><td><!--#echo var="ui.sections.rocket.cost" --></td><td><span class="coin-icon"></span><span data-dimension="currency" data-units="credits" data-value="5" class="value convertable">5 credits</span>%NEWLINE%																	<tr><td><!--#echo var="ui.sections.rocket.drymass" --></td><td><span data-dimension="mass" data-units="kg" data-value="2000" class="value convertable">2000kg</span>%NEWLINE%																	<tr><td><!--#echo var="ui.sections.rocket.fuel" --></td><td><span data-dimension="mass" data-units="kg" data-value="15000" class="value convertable">15000kg</span>%NEWLINE%																</table><!--#endif-->
CONDITION: == <!--#if expr="${LEVEL} = /noreplace/"-->centre<!--#else--><!--#endif-->
CONDITION: == <!--#if expr="${LEVEL} = /noreplace/"-->None<!--#else-->%NEWLINE%																<table>%NEWLINE%																	<tr><td><!--#echo var="ui.sections.rocket.size" --></td><td><span data-dimension="length" data-units="m" data-value="2" class="value convertable">2m</span>%NEWLINE%																	<tr><td><!--#echo var="ui.sections.rocket.cost" --></td><td><span class="coin-icon"></span><span data-dimension="currency" data-units="credits" data-value="10" class="value convertable">10 credits</span>%NEWLINE%																	<tr><td><!--#echo var="ui.sections.rocket.drymass" --></td><td><span data-dimension="mass" data-units="kg" data-value="3000" class="value convertable">3000kg</span>%NEWLINE%																	<tr><td><!--#echo var="ui.sections.rocket.fuel" --></td><td><span data-dimension="mass" data-units="kg" data-value="24000" class="value convertable">24000kg</span>%NEWLINE%																</table><!--#endif-->
CONDITION: == <!--#if expr="${LEVEL} = /noreplace/"-->centre<!--#else--><!--#endif-->
CONDITION: == <!--#if expr="${LEVEL} = /noreplace/"-->None<!--#else-->%NEWLINE%																<table>%NEWLINE%																	<tr><td><!--#echo var="ui.sections.rocket.size" --></td><td><span data-dimension="length" data-units="m" data-value="3" class="value convertable">3m</span>%NEWLINE%																	<tr><td><!--#echo var="ui.sections.rocket.cost" --></td><td><span class="coin-icon"></span><span data-dimension="currency" data-units="credits" data-value="15" class="value convertable">15 credits</span>%NEWLINE%																	<tr><td><!--#echo var="ui.sections.rocket.drymass" --></td><td><span data-dimension="mass" data-units="kg" data-value="2400" class="value convertable">2400kg</span>%NEWLINE%																	<tr><td><!--#echo var="ui.sections.rocket.fuel" --></td><td><span data-dimension="mass" data-units="kg" data-value="25000" class="value convertable">25000kg</span>%NEWLINE%																</table><!--#endif-->
CONDITION: == <!--#if expr="${LEVEL} = /noreplace/"-->centre<!--#else--><!--#endif-->
CONDITION: == <!--#if expr="${LEVEL} = /noreplace/"-->None<!--#else-->%NEWLINE%																<table>%NEWLINE%																	<tr><td><!--#echo var="ui.sections.rocket.size" --></td><td><span data-dimension="length" data-units="m" data-value="4.5" class="value convertable">4.5m</span>%NEWLINE%																	<tr><td><!--#echo var="ui.sections.rocket.cost" --></td><td><span class="coin-icon"></span><span data-dimension="currency" data-units="credits" data-value="20" class="value convertable">20 credits</span>%NEWLINE%																	<tr><td><!--#echo var="ui.sections.rocket.drymass" --></td><td><span data-dimension="mass" data-units="kg" data-value="4000" class="value convertable">4000kg</span>%NEWLINE%																	<tr><td><!--#echo var="ui.sections.rocket.fuel" --></td><td><span data-dimension="mass" data-units="kg" data-value="90000" class="value convertable">90000kg</span>%NEWLINE%																</table><!--#endif-->
CONDITION: == <!--#if expr="${LEVEL} = /noreplace/"-->centre<!--#else--><!--#endif-->
CONDITION: == <!--#if expr="${LEVEL} = /noreplace/"-->None<!--#else-->%NEWLINE%																<table>%NEWLINE%																	<tr><td><!--#echo var="ui.sections.rocket.size" --></td><td><span data-dimension="length" data-units="m" data-value="8" class="value convertable">8m</span>%NEWLINE%																	<tr><td><!--#echo var="ui.sections.rocket.cost" --></td><td><span class="coin-icon"></span><span data-dimension="currency" data-units="credits" data-value="30" class="value convertable">30 credits</span>%NEWLINE%																	<tr><td><!--#echo var="ui.sections.rocket.drymass" --></td><td><span data-dimension="mass" data-units="kg" data-value="6000" class="value convertable">6000kg</span>%NEWLINE%																	<tr><td><!--#echo var="ui.sections.rocket.fuel" --></td><td><span data-dimension="mass" data-units="kg" data-value="129000" class="value convertable">129000kg</span>%NEWLINE%																</table><!--#endif-->
CONDITION: == <!--#if expr="${LEVEL} = /noreplace/"-->centre<!--#else--><!--#endif-->
CONDITION: == <!--#if expr="${LEVEL} = /noreplace/"-->None<!--#else-->%NEWLINE%																<table>%NEWLINE%																	<tr><td><!--#echo var="ui.sections.rocket.size" --></td><td><span data-dimension="length" data-units="m" data-value="10" class="value convertable">10m</span>%NEWLINE%																	<tr><td><!--#echo var="ui.sections.rocket.cost" --></td><td><span class="coin-icon"></span><span data-dimension="currency" data-units="credits" data-value="50" class="value convertable">50 credits</span>%NEWLINE%																	<tr><td><!--#echo var="ui.sections.rocket.drymass" --></td><td><span data-dimension="mass" data-units="kg" data-value="40000" class="value convertable">40000kg</span>%NEWLINE%																	<tr><td><!--#echo var="ui.sections.rocket.fuel" --></td><td><span data-dimension="mass" data-units="kg" data-value="450000" class="value convertable">450000kg</span>%NEWLINE%																</table><!--#endif-->
CONDITION: == <!--#if expr="${LEVEL} = /advanced/"-->centre<!--#else--><!--#endif-->
CONDITION: == <!--#if expr="${LEVEL} = /advanced/"-->None<!--#else-->%NEWLINE%																<table>%NEWLINE%																	<tr><td><!--#echo var="ui.sections.rocket.size" --></td><td><span data-dimension="length" data-units="m" data-value="0" class="value convertable">0m</span></td></tr>%NEWLINE%																	<tr><td><!--#echo var="ui.sections.rocket.cost" --></td><td><span class="coin-icon"></span><span data-dimension="currency" data-units="credits" data-value="0" class="value convertable">0 credits</span></td></tr>%NEWLINE%																	<tr><td><!--#echo var="ui.sections.rocket.drymass" --></td><td><span data-dimension="mass" data-units="kg" data-value="0" class="value convertable">0kg</span></td></tr>%NEWLINE%																	<tr><td><!--#echo var="ui.sections.rocket.fuel" --></td><td><span data-dimension="mass" data-units="kg" data-value="0" class="value convertable">0kg</span></td></tr>%NEWLINE%																</table><!--#endif-->
CONDITION: == <!--#if expr="${LEVEL} = /noreplace/"-->centre<!--#else--><!--#endif-->
CONDITION: == <!--#if expr="${LEVEL} = /noreplace/"-->None<!--#else-->%NEWLINE%																<table>%NEWLINE%																	<tr><td><!--#echo var="ui.sections.rocket.size" --></td><td><span data-dimension="length" data-units="m" data-value="1" class="value convertable">1m</span></td></tr>%NEWLINE%																	<tr><td><!--#echo var="ui.sections.rocket.cost" --></td><td><span class="coin-icon"></span><span data-dimension="currency" data-units="credits" data-value="23" class="value convertable">23 credits</span></td></tr>%NEWLINE%																	<tr><td><!--#echo var="ui.sections.rocket.drymass" --></td><td><span data-dimension="mass" data-units="kg" data-value="10500" class="value convertable">10500kg</span></td></tr>%NEWLINE%																	<tr><td><!--#echo var="ui.sections.rocket.fuel" --></td><td><span data-dimension="mass" data-units="kg" data-value="88000" class="value convertable">88000kg</span></td></tr>%NEWLINE%																</table><!--#endif-->
CONDITION: == <!--#if expr="${LEVEL} = /noreplace/"-->centre<!--#else--><!--#endif-->
CONDITION: == <!--#if expr="${LEVEL} = /noreplace/"-->None<!--#else-->%NEWLINE%																<table>%NEWLINE%																	<tr><td><!--#echo var="ui.sections.rocket.size" --></td><td><span data-dimension="length" data-units="m" data-value="2" class="value convertable">2m</span></td></tr>%NEWLINE%																	<tr><td><!--#echo var="ui.sections.rocket.cost" --></td><td><span class="coin-icon"></span><span data-dimension="currency" data-units="credits" data-value="12" class="value convertable">12 credits</span></td></tr>%NEWLINE%																	<tr><td><!--#echo var="ui.sections.rocket.drymass" --></td><td><span data-dimension="mass" data-units="kg" data-value="9000" class="value convertable">9000kg</span></td></tr>%NEWLINE%																	<tr><td><!--#echo var="ui.sections.rocket.fuel" --></td><td><span data-dimension="mass" data-units="kg" data-value="120000" class="value convertable">120000kg</span></td></tr>%NEWLINE%																</table><!--#endif-->
CONDITION: == <!--#if expr="${LEVEL} = /noreplace/"-->centre<!--#else--><!--#endif-->
CONDITION: == <!--#if expr="${LEVEL} = /noreplace/"-->None<!--#else-->%NEWLINE%																<table>%NEWLINE%																	<tr><td><!--#echo var="ui.sections.rocket.size" --></td><td><span data-dimension="length" data-units="m" data-value="4.5" class="value convertable">4.5m</span></td></tr>%NEWLINE%																	<tr><td><!--#echo var="ui.sections.rocket.cost" --></td><td><span class="coin-icon"></span><span data-dimension="currency" data-units="credits" data-value="60" class="value convertable">60 credits</span></td></tr>%NEWLINE%																	<tr><td><!--#echo var="ui.sections.rocket.drymass" --></td><td><span data-dimension="mass" data-units="kg" data-value="24000" class="value convertable">24000kg</span></td></tr>%NEWLINE%																	<tr><td><!--#echo var="ui.sections.rocket.fuel" --></td><td><span data-dimension="mass" data-units="kg" data-value="400000" class="value convertable">400000kg</span></td></tr>%NEWLINE%																</table><!--#endif-->
CONDITION: == <!--#if expr="${LEVEL} = /noreplace/"-->centre<!--#else--><!--#endif-->
CONDITION: == <!--#if expr="${LEVEL} = /noreplace/"-->None<!--#else-->%NEWLINE%																<table>%NEWLINE%																	<tr><td><!--#echo var="ui.sections.rocket.size" --></td><td><span data-dimension="length" data-units="m" data-value="8" class="value convertable">8m</span></td></tr>%NEWLINE%																	<tr><td><!--#echo var="ui.sections.rocket.cost" --></td><td><span class="coin-icon"></span><span data-dimension="currency" data-units="credits" data-value="220" class="value convertable">220 credits</span></td></tr>%NEWLINE%																	<tr><td><!--#echo var="ui.sections.rocket.drymass" --></td><td><span data-dimension="mass" data-units="kg" data-value="85000" class="value convertable">85000kg</span></td></tr>%NEWLINE%																	<tr><td><!--#echo var="ui.sections.rocket.fuel" --></td><td><span data-dimension="mass" data-units="kg" data-value="900000" class="value convertable">900000kg</span></td></tr>%NEWLINE%																</table><!--#endif-->
CONDITION: == <!--#if expr="${LEVEL} = /noreplace/"-->centre<!--#else--><!--#endif-->
CONDITION: == <!--#if expr="${LEVEL} = /noreplace/"-->None<!--#else-->%NEWLINE%																<table>%NEWLINE%																	<tr><td><!--#echo var="ui.sections.rocket.size" --></td><td><span data-dimension="length" data-units="m" data-value="10" class="value convertable">10m</span></td></tr>%NEWLINE%																	<tr><td><!--#echo var="ui.sections.rocket.cost" --></td><td><span class="coin-icon"></span><span data-dimension="currency" data-units="credits" data-value="370" class="value convertable">370 credits</span></td></tr>%NEWLINE%																	<tr><td><!--#echo var="ui.sections.rocket.drymass" --></td><td><span data-dimension="mass" data-units="kg" data-value="130000" class="value convertable">130000kg</span></td></tr>%NEWLINE%																	<tr><td><!--#echo var="ui.sections.rocket.fuel" --></td><td><span data-dimension="mass" data-units="kg" data-value="2000000" class="value convertable">2000000kg</span></td></tr>%NEWLINE%																</table><!--#endif-->
INC=satellites/cube.html
Reading templates/satellites/cube.html
INC=satellites/large.html
Reading templates/satellites/large.html
INC=satellites/medium.html
Reading templates/satellites/medium.html
INC=satellites/small.html
Reading templates/satellites/small.html
INC=units.html
Reading templates/units.html
INC=menu.html
Reading templates/menu.html
INC JSON=templates/../config/en_advanced_options.json
Creating CSS
